<?xml version="1.0" encoding="UTF-8"?>
<!-- Generated by org.testng.reporters.JUnitXMLReporter -->
<testsuite ignored="0" hostname="DESKTOP-19VCKBM" failures="0" tests="4" name="Default test" time="0.457" errors="0" timestamp="2026-01-01T22:15:22 IST">
  <testcase classname="testNG.Dependency" name="edit" time="0.074"/>
  <testcase classname="testNG.Dependency" name="create" time="0.013"/>
  <testcase classname="testNG.Dependency" name="modify" time="0.008"/>
  <testcase classname="testNG.Dependency" name="delete" time="0.004"/>
</testsuite> <!-- Default test -->
