<?xml version="1.0" encoding="UTF-8"?>
<testng-results ignored="0" total="4" passed="4" failed="0" skipped="0">
  <reporter-output>
  </reporter-output>
  <suite started-at="2026-01-01T22:15:21 IST" name="Default suite" finished-at="2026-01-01T22:15:22 IST" duration-ms="457">
    <groups>
    </groups>
    <test started-at="2026-01-01T22:15:21 IST" name="Default test" finished-at="2026-01-01T22:15:22 IST" duration-ms="457">
      <class name="testNG.Dependency">
        <test-method signature="edit()[pri:0, instance:testNG.Dependency@79c7532f]" started-at="2026-01-01T22:15:21 IST" name="edit" finished-at="2026-01-01T22:15:21 IST" duration-ms="74" status="PASS">
          <reporter-output>
          </reporter-output>
        </test-method> <!-- edit -->
        <test-method signature="create()[pri:0, instance:testNG.Dependency@79c7532f]" started-at="2026-01-01T22:15:21 IST" name="create" finished-at="2026-01-01T22:15:21 IST" duration-ms="13" status="PASS">
          <reporter-output>
          </reporter-output>
        </test-method> <!-- create -->
        <test-method signature="modify()[pri:0, instance:testNG.Dependency@79c7532f]" started-at="2026-01-01T22:15:21 IST" name="modify" finished-at="2026-01-01T22:15:21 IST" duration-ms="8" status="PASS">
          <reporter-output>
          </reporter-output>
        </test-method> <!-- modify -->
        <test-method signature="delete()[pri:0, instance:testNG.Dependency@79c7532f]" started-at="2026-01-01T22:15:22 IST" name="delete" finished-at="2026-01-01T22:15:22 IST" depends-on-methods="testNG.Dependency.edit" duration-ms="4" status="PASS">
          <reporter-output>
          </reporter-output>
        </test-method> <!-- delete -->
      </class> <!-- testNG.Dependency -->
    </test> <!-- Default test -->
  </suite> <!-- Default suite -->
</testng-results>
